<?xml version="1.0" encoding="UTF-8"?>
<!-- Generated by org.testng.reporters.JUnitReportReporter -->
<testsuite hostname="LAPTOP-6C6OUH86" failures="0" tests="1" name="test.JpetstoreTestlogingpage" time="13.618" errors="0" timestamp="2024-12-13T15:51:49 IST" skipped="0">
  <testcase classname="test.JpetstoreTestlogingpage" name="JpetstoreTestloginingpage" time="13.618"/>
</testsuite> <!-- test.JpetstoreTestlogingpage -->
